# JRE version: OpenJDK Runtime Environment (11.0.3+12) (build 11.0.3+12-b304.56)
# Java VM: OpenJDK 64-Bit Server VM (11.0.3+12-b304.56, mixed mode, tiered, compressed oops, g1 gc, windows-amd64)
Heap:
 garbage-first heap   total 63488K, used 26077K [0x00000000c2000000, 0x0000000100000000)
  region size 1024K, 19 young (19456K), 1 survivors (1024K)
 Metaspace       used 17053K, capacity 17463K, committed 17536K, reserved 1064960K
  class space    used 1767K, capacity 1920K, committed 1920K, reserved 1048576K
GC Heap History (6 events):
Event: 1.510 GC heap before
{Heap before GC invocations=0 (full 0):
 garbage-first heap   total 63488K, used 14336K [0x00000000c2000000, 0x0000000100000000)
  region size 1024K, 14 young (14336K), 0 survivors (0K)
 Metaspace       used 9357K, capacity 9520K, committed 9600K, reserved 1058816K
  class space    used 837K, capacity 877K, committed 896K, reserved 1048576K
}
Event: 1.521 GC heap after
{Heap after GC invocations=1 (full 0):
 garbage-first heap   total 63488K, used 8401K [0x00000000c2000000, 0x0000000100000000)
  region size 1024K, 2 young (2048K), 2 survivors (2048K)
 Metaspace       used 9357K, capacity 9520K, committed 9600K, reserved 1058816K
  class space    used 837K, capacity 877K, committed 896K, reserved 1048576K
}
Event: 1.713 GC heap before
{Heap before GC invocations=1 (full 0):
 garbage-first heap   total 63488K, used 11473K [0x00000000c2000000, 0x0000000100000000)
  region size 1024K, 5 young (5120K), 2 survivors (2048K)
 Metaspace       used 10209K, capacity 10411K, committed 10496K, reserved 1058816K
  class space    used 939K, capacity 983K, committed 1024K, reserved 1048576K
}
Event: 1.718 GC heap after
{Heap after GC invocations=2 (full 0):
 garbage-first heap   total 63488K, used 9031K [0x00000000c2000000, 0x0000000100000000)
  region size 1024K, 1 young (1024K), 1 survivors (1024K)
 Metaspace       used 10209K, capacity 10411K, committed 10496K, reserved 1058816K
  class space    used 939K, capacity 983K, committed 1024K, reserved 1048576K
}
Event: 2.935 GC heap before
{Heap before GC invocations=2 (full 0):
 garbage-first heap   total 63488K, used 24391K [0x00000000c2000000, 0x0000000100000000)
  region size 1024K, 17 young (17408K), 1 survivors (1024K)
 Metaspace       used 13003K, capacity 13304K, committed 13440K, reserved 1060864K
  class space    used 1292K, capacity 1401K, committed 1408K, reserved 1048576K
}
Event: 2.963 GC heap after
{Heap after GC invocations=3 (full 0):
 garbage-first heap   total 63488K, used 9693K [0x00000000c2000000, 0x0000000100000000)
  region size 1024K, 1 young (1024K), 1 survivors (1024K)
 Metaspace       used 13003K, capacity 13304K, committed 13440K, reserved 1060864K
  class space    used 1292K, capacity 1401K, committed 1408K, reserved 1048576K
}

